{"level":"error","message":{"data":null,"error_message":"Please provide valid status like Approved, Pending, Rejected","functionName":"attendanceRecordsByManager","messageCode":null,"name":"CustomError","statusCode":500},"timestamp":"2023-11-03T08:39:06.993Z"}
{"level":"error","message":{"data":null,"error_message":"Please provide valid status like Approved, Pending, Rejected","functionName":"attendanceRecordsByManager","messageCode":null,"name":"CustomError","statusCode":500},"timestamp":"2023-11-03T08:39:07.010Z"}
{"level":"error","message":{"data":null,"error_message":"Please provide valid status like Approved, Pending, Rejected","functionName":"attendanceRecordsByManager","messageCode":null,"name":"CustomError","statusCode":500},"timestamp":"2023-11-03T08:40:41.692Z"}
{"level":"error","message":{"data":null,"error_message":"Please provide valid status like Approved, Pending, Rejected","functionName":"attendanceRecordsByManager","messageCode":null,"name":"CustomError","statusCode":500},"timestamp":"2023-11-03T08:40:41.705Z"}
{"level":"error","message":{"data":null,"error_message":"Please provide valid status like Approved, Pending, Rejected","functionName":"attendanceRecordsByManager","messageCode":null,"name":"CustomError","statusCode":500},"timestamp":"2023-11-03T09:48:48.595Z"}
{"level":"error","message":{"data":null,"error_message":"Please provide valid status like Approved, Pending, Rejected","functionName":"attendanceRecordsByManager","messageCode":null,"name":"CustomError","statusCode":500},"timestamp":"2023-11-03T09:48:48.600Z"}
{"level":"error","message":{"data":null,"error_message":"CustomError: User account not active! Please contact Admin or Manager to appove your account.","functionName":"login","messageCode":null,"name":"CustomError","statusCode":401},"timestamp":"2023-11-03T09:50:01.567Z"}
{"level":"error","message":{"data":null,"error_message":"CustomError: User account not active! Please contact Admin or Manager to appove your account.","functionName":"login","messageCode":null,"name":"CustomError","statusCode":401},"timestamp":"2023-11-03T09:50:09.753Z"}
{"level":"error","message":{"data":null,"error_message":"CustomError: User account not active! Please contact Admin or Manager to appove your account.","functionName":"login","messageCode":null,"name":"CustomError","statusCode":401},"timestamp":"2023-11-03T09:50:32.550Z"}
{"level":"error","message":{"data":null,"error_message":"CustomError: Error: Unknown column 'approval_token' in 'field list'","functionName":"register","messageCode":null,"name":"CustomError","statusCode":500},"timestamp":"2023-11-03T09:51:29.017Z"}
{"level":"error","message":{"data":null,"error_message":"CustomError: Error: Unknown column 'approval_token' in 'field list'","functionName":"register","messageCode":null,"name":"CustomError","statusCode":500},"timestamp":"2023-11-03T09:52:05.318Z"}
{"level":"error","message":{"data":null,"error_message":"CustomError: Error: Unknown column 'approval_token' in 'field list'","functionName":"register","messageCode":null,"name":"CustomError","statusCode":500},"timestamp":"2023-11-03T09:54:16.898Z"}
{"level":"error","message":{"data":null,"error_message":"CustomError: Error: Unknown column 'approval_token' in 'field list'","functionName":"register","messageCode":null,"name":"CustomError","statusCode":500},"timestamp":"2023-11-03T09:55:30.674Z"}
{"level":"error","message":{"data":null,"error_message":"CustomError: Error: Unknown column 'approval_token' in 'field list'","functionName":"register","messageCode":null,"name":"CustomError","statusCode":500},"timestamp":"2023-11-03T10:02:36.462Z"}
{"level":"error","message":{"data":null,"error_message":"CustomError: Error: Unknown column 'approval_token' in 'field list'","functionName":"register","messageCode":null,"name":"CustomError","statusCode":500},"timestamp":"2023-11-03T10:09:24.178Z"}
{"level":"error","message":{"data":null,"error_message":"CustomError: Error: Unknown column 'approval_token' in 'field list'","functionName":"register","messageCode":null,"name":"CustomError","statusCode":500},"timestamp":"2023-11-03T10:12:25.682Z"}
{"level":"error","message":{"data":null,"error_message":"CustomError: User account not active! Please contact Admin or Manager to appove your account.","functionName":"login","messageCode":null,"name":"CustomError","statusCode":401},"timestamp":"2023-11-03T10:14:25.389Z"}
{"level":"error","message":{"data":null,"error_message":"CustomError: User account not active! Please contact Admin or Manager to appove your account.","functionName":"login","messageCode":null,"name":"CustomError","statusCode":401},"timestamp":"2023-11-03T10:14:42.720Z"}
{"level":"error","message":{"data":null,"error_message":"CustomError: User account not active! Please contact Admin or Manager to appove your account.","functionName":"login","messageCode":null,"name":"CustomError","statusCode":401},"timestamp":"2023-11-03T10:15:06.676Z"}
{"level":"error","message":{"data":null,"error_message":"CustomError: User account not active! Please contact Admin or Manager to appove your account.","functionName":"login","messageCode":null,"name":"CustomError","statusCode":401},"timestamp":"2023-11-03T10:15:39.606Z"}
{"level":"error","message":{"data":null,"error_message":"CustomError: User account not active! Please contact Admin or Manager to appove your account.","functionName":"login","messageCode":null,"name":"CustomError","statusCode":401},"timestamp":"2023-11-03T10:21:38.090Z"}
{"level":"error","message":{"data":null,"error_message":"CustomError: User account not active! Please contact Admin or Manager to appove your account.","functionName":"login","messageCode":null,"name":"CustomError","statusCode":401},"timestamp":"2023-11-03T10:22:20.900Z"}
{"level":"error","message":{"data":null,"error_message":"Please provide valid status like Approved, Pending, Rejected","functionName":"attendanceRecordsByManager","messageCode":null,"name":"CustomError","statusCode":500},"timestamp":"2023-11-03T10:24:33.998Z"}
{"level":"error","message":{"data":null,"error_message":"Please provide valid status like Approved, Pending, Rejected","functionName":"attendanceRecordsByManager","messageCode":null,"name":"CustomError","statusCode":500},"timestamp":"2023-11-03T10:24:34.030Z"}
{"level":"error","message":{"data":null,"error_message":"Please provide valid status like Approved, Pending, Rejected","functionName":"attendanceRecordsByManager","messageCode":null,"name":"CustomError","statusCode":500},"timestamp":"2023-11-03T10:33:04.118Z"}
{"level":"error","message":{"data":null,"error_message":"Please provide valid status like Approved, Pending, Rejected","functionName":"attendanceRecordsByManager","messageCode":null,"name":"CustomError","statusCode":500},"timestamp":"2023-11-03T10:33:04.131Z"}
{"level":"error","message":{"data":null,"error_message":"CustomError: User account not active! Please contact Admin or Manager to appove your account.","functionName":"login","messageCode":null,"name":"CustomError","statusCode":401},"timestamp":"2023-11-03T10:43:00.933Z"}
{"level":"error","message":{"data":null,"error_message":"Please provide valid status like Approved, Pending, Rejected","functionName":"attendanceRecordsByManager","messageCode":null,"name":"CustomError","statusCode":500},"timestamp":"2023-11-03T10:53:17.376Z"}
{"level":"error","message":{"data":null,"error_message":"Please provide valid status like Approved, Pending, Rejected","functionName":"attendanceRecordsByManager","messageCode":null,"name":"CustomError","statusCode":500},"timestamp":"2023-11-03T10:53:17.385Z"}
{"level":"error","message":{"data":null,"error_message":"Please provide valid status like Approved, Pending, Rejected","functionName":"attendanceRecordsByManager","messageCode":null,"name":"CustomError","statusCode":500},"timestamp":"2023-11-03T11:10:54.922Z"}
{"level":"error","message":{"data":null,"error_message":"Please provide valid status like Approved, Pending, Rejected","functionName":"attendanceRecordsByManager","messageCode":null,"name":"CustomError","statusCode":500},"timestamp":"2023-11-03T11:10:54.926Z"}
{"level":"error","message":{"data":null,"error_message":"Please provide valid status like Approved, Pending, Rejected","functionName":"attendanceRecordsByManager","messageCode":null,"name":"CustomError","statusCode":500},"timestamp":"2023-11-03T11:11:15.967Z"}
{"level":"error","message":{"data":null,"error_message":"Please provide valid status like Approved, Pending, Rejected","functionName":"attendanceRecordsByManager","messageCode":null,"name":"CustomError","statusCode":500},"timestamp":"2023-11-03T11:11:22.008Z"}
{"level":"error","message":{"data":null,"error_message":"CustomError: Status must be Approved or Rejected","functionName":"updateManagerRequest","messageCode":null,"name":"CustomError","statusCode":400},"timestamp":"2023-11-03T11:33:52.588Z"}
{"level":"error","message":{"data":null,"error_message":"Please provide valid status like Approved, Pending, Rejected","functionName":"attendanceRecordsByManager","messageCode":null,"name":"CustomError","statusCode":500},"timestamp":"2023-11-03T11:53:51.019Z"}
{"level":"error","message":{"data":null,"error_message":"Please provide valid status like Approved, Pending, Rejected","functionName":"attendanceRecordsByManager","messageCode":null,"name":"CustomError","statusCode":500},"timestamp":"2023-11-03T11:53:51.024Z"}
{"level":"error","message":{"data":null,"error_message":"CustomError: Invalid credentials","functionName":"login","messageCode":null,"name":"CustomError","statusCode":400},"timestamp":"2023-11-03T13:06:15.095Z"}
