{"level":"error","message":{"data":null,"error_message":"CustomError: \"last_name\" is required; \"role_id\" is required","functionName":"register","messageCode":null,"name":"CustomError","statusCode":400},"timestamp":"2023-10-30T06:45:28.535Z"}
{"level":"error","message":{"data":null,"error_message":"CustomError: \"last_name\" is required; \"role_id\" is required","functionName":"register","messageCode":null,"name":"CustomError","statusCode":400},"timestamp":"2023-10-30T06:45:42.855Z"}
{"level":"error","message":{"data":null,"error_message":"CustomError: \"last_name\" is required; \"role_id\" is required","functionName":"register","messageCode":null,"name":"CustomError","statusCode":400},"timestamp":"2023-10-30T06:46:17.574Z"}
{"level":"error","message":{"data":null,"error_message":"CustomError: \"first_name\" is required; \"last_name\" is required; \"role_id\" is required","functionName":"register","messageCode":null,"name":"CustomError","statusCode":400},"timestamp":"2023-10-30T06:47:06.358Z"}
{"level":"error","message":{"data":null,"error_message":"CustomError: \"role_id\" is required","functionName":"register","messageCode":null,"name":"CustomError","statusCode":400},"timestamp":"2023-10-30T06:48:13.284Z"}
{"level":"error","message":{"data":null,"error_message":"CustomError: Last name is required; \"manager_id\" is required","functionName":"register","messageCode":null,"name":"CustomError","statusCode":400},"timestamp":"2023-10-30T06:48:36.174Z"}
{"level":"error","message":{"data":null,"error_message":"CustomError: Last name is required; Role ID must be 1 or 2; Role ID must be a number","functionName":"register","messageCode":null,"name":"CustomError","statusCode":400},"timestamp":"2023-10-30T06:49:01.858Z"}
{"level":"error","message":{"data":null,"error_message":"CustomError: \"manager_id\" is required","functionName":"register","messageCode":null,"name":"CustomError","statusCode":400},"timestamp":"2023-10-30T06:49:17.294Z"}
{"level":"error","message":{"data":null,"error_message":"CustomError: Error: Duplicate entry 'user4@mailinator.com' for key 'users.username'","functionName":"register","messageCode":null,"name":"CustomError","statusCode":500},"timestamp":"2023-10-30T06:49:47.814Z"}
{"level":"error","message":{"data":null,"error_message":"CustomError: Manager ID must be a number","functionName":"register","messageCode":null,"name":"CustomError","statusCode":400},"timestamp":"2023-10-30T07:03:54.913Z"}
{"level":"error","message":{"data":null,"error_message":"User not added!","functionName":"register","messageCode":null,"name":"CustomError","statusCode":500},"timestamp":"2023-10-30T07:05:17.200Z"}
{"level":"error","message":{"data":null,"error_message":"CustomError: Email already registerd with us.","functionName":"register","messageCode":null,"name":"CustomError","statusCode":500},"timestamp":"2023-10-30T07:08:05.602Z"}
{"level":"error","message":{"data":null,"error_message":"CustomError: TypeError: Cannot read properties of undefined (reading 'role_id')","functionName":"register","messageCode":null,"name":"CustomError","statusCode":500},"timestamp":"2023-10-30T07:14:47.136Z"}
{"level":"error","message":{"data":null,"error_message":"CustomError: Email already registerd with us.","functionName":"register","messageCode":null,"name":"CustomError","statusCode":500},"timestamp":"2023-10-30T07:15:17.296Z"}
{"level":"error","message":{"data":null,"error_message":"CustomError: Error: Cannot add or update a child row: a foreign key constraint fails (`attendancesystem`.`users`, CONSTRAINT `users_ibfk_2` FOREIGN KEY (`manager_id`) REFERENCES `users` (`user_id`))","functionName":"register","messageCode":null,"name":"CustomError","statusCode":500},"timestamp":"2023-10-30T07:16:43.504Z"}
{"level":"error","message":{"data":null,"error_message":"CustomError: Manager ID not valid, please try again","functionName":"register","messageCode":null,"name":"CustomError","statusCode":500},"timestamp":"2023-10-30T07:17:49.805Z"}
{"level":"error","message":{"data":null,"error_message":"CustomError: User account not active! Please contact Admin or Manager to appove your account.","functionName":"login","messageCode":null,"name":"CustomError","statusCode":401},"timestamp":"2023-10-30T08:42:27.678Z"}
{"level":"error","message":{"data":null,"error_message":"CustomError: Status must be Approved or Rejected","functionName":"updateUserStatus","messageCode":null,"name":"CustomError","statusCode":400},"timestamp":"2023-10-30T09:15:48.523Z"}
{"level":"error","message":{"data":null,"error_message":"CustomError: Status must be Approved or Rejected","functionName":"updateUserStatus","messageCode":null,"name":"CustomError","statusCode":400},"timestamp":"2023-10-30T09:16:38.623Z"}
{"level":"error","message":{"data":null,"error_message":"CustomError: Error: Unknown column 'id' in 'where clause'","functionName":"updateUserStatus","messageCode":null,"name":"CustomError","statusCode":500},"timestamp":"2023-10-30T09:17:41.806Z"}
{"level":"error","message":{"data":null,"error_message":"ReferenceError: approveRegistrationNotification is not defined","functionName":"updateUserStatus","messageCode":null,"name":"CustomError","statusCode":500},"timestamp":"2023-10-30T09:18:16.283Z"}
{"level":"error","message":{"data":null,"error_message":"CustomError: Error: You have an error in your SQL syntax; check the manual that corresponds to your MySQL server version for the right syntax to use near '== 2' at line 1","functionName":"getManagerUsers","messageCode":null,"name":"CustomError","statusCode":500},"timestamp":"2023-10-30T10:01:39.568Z"}
{"level":"error","message":{"data":null,"error_message":"CustomError: Error: Column 'status' in on clause is ambiguous","functionName":"attendanceRecordsByManager","messageCode":null,"name":"CustomError","statusCode":500},"timestamp":"2023-10-30T10:17:16.836Z"}
{"level":"error","message":{"data":null,"error_message":"CustomError: Error: Unknown column 'Pending' in 'on clause'","functionName":"attendanceRecordsByManager","messageCode":null,"name":"CustomError","statusCode":500},"timestamp":"2023-10-30T10:18:05.602Z"}
{"level":"error","message":{"data":null,"error_message":"Please provide valid status like Approved, Pending, Rejected","functionName":"attendanceRecordsByManager","messageCode":null,"name":"CustomError","statusCode":500},"timestamp":"2023-10-30T10:19:31.009Z"}
