{"level":"error","message":{"data":null,"error_message":"Error: You can not set yourself as your manager.","functionName":"addManagerRequest","messageCode":null,"name":"CustomError","statusCode":500},"timestamp":"2023-11-02T07:27:24.737Z"}
{"level":"error","message":{"data":null,"error_message":"Error: You can not set yourself as your manager.","functionName":"addManagerRequest","messageCode":null,"name":"CustomError","statusCode":500},"timestamp":"2023-11-02T07:27:28.701Z"}
{"level":"error","message":{"data":null,"error_message":"Error: You can not set yourself as your manager.","functionName":"addManagerRequest","messageCode":null,"name":"CustomError","statusCode":500},"timestamp":"2023-11-02T07:30:12.533Z"}
{"level":"error","message":{"data":null,"error_message":"CustomError: Password must be 6 characters long","functionName":"login","messageCode":null,"name":"CustomError","statusCode":400},"timestamp":"2023-11-02T07:30:36.986Z"}
{"level":"error","message":{"data":null,"error_message":"CustomError: Password must be 6 characters long; Last name must be 2 characters long","functionName":"register","messageCode":null,"name":"CustomError","statusCode":400},"timestamp":"2023-11-02T07:31:34.733Z"}
{"level":"error","message":{"data":null,"error_message":"CustomError: Last name must be 2 characters long","functionName":"register","messageCode":null,"name":"CustomError","statusCode":400},"timestamp":"2023-11-02T07:33:15.837Z"}
{"level":"error","message":{"data":null,"error_message":"CustomError: Last name must be 2 characters long; Manager ID must be a number","functionName":"register","messageCode":null,"name":"CustomError","statusCode":400},"timestamp":"2023-11-02T07:36:22.080Z"}
{"level":"error","message":{"data":null,"error_message":"CustomError: Manager not assigned to you, Please send request for manager assignment.","functionName":"addAttendanceDetails","messageCode":null,"name":"CustomError","statusCode":500},"timestamp":"2023-11-02T07:39:30.935Z"}
{"level":"error","message":{"data":null,"error_message":"Error: You can not set yourself as your manager.","functionName":"addManagerRequest","messageCode":null,"name":"CustomError","statusCode":500},"timestamp":"2023-11-02T08:55:11.226Z"}
{"level":"error","message":{"data":null,"error_message":"CustomError: Password must be 6 characters long; Last name must be 2 characters long","functionName":"register","messageCode":null,"name":"CustomError","statusCode":400},"timestamp":"2023-11-02T09:41:12.769Z"}
{"level":"error","message":{"data":null,"error_message":"CustomError: Email is required; Password is required; First name is required; Last name is required; Manager ID must be a number","functionName":"register","messageCode":null,"name":"CustomError","statusCode":400},"timestamp":"2023-11-02T09:46:31.208Z"}
{"level":"error","message":{"data":null,"error_message":"CustomError: Email is required; Password is required; First name is required; Last name is required; Manager ID must be a number","functionName":"register","messageCode":null,"name":"CustomError","statusCode":400},"timestamp":"2023-11-02T09:47:49.197Z"}
{"level":"error","message":{"data":null,"error_message":"CustomError: Email is required; Password is required; First name is required; Last name is required; Manager ID must be a number","functionName":"register","messageCode":null,"name":"CustomError","statusCode":400},"timestamp":"2023-11-02T09:48:18.767Z"}
{"level":"error","message":{"data":null,"error_message":"CustomError: Email is required; Password is required; First name is required; Last name is required; Manager ID must be a number","functionName":"register","messageCode":null,"name":"CustomError","statusCode":400},"timestamp":"2023-11-02T09:48:20.372Z"}
{"level":"error","message":{"data":null,"error_message":"CustomError: Email is required; Password is required; First name is required; Last name is required; Manager ID must be a number","functionName":"register","messageCode":null,"name":"CustomError","statusCode":400},"timestamp":"2023-11-02T09:48:21.669Z"}
{"level":"error","message":{"data":null,"error_message":"CustomError: Email is required; Password is required; First name is required; Last name is required; Manager ID must be a number","functionName":"register","messageCode":null,"name":"CustomError","statusCode":400},"timestamp":"2023-11-02T09:48:23.676Z"}
{"level":"error","message":{"data":null,"error_message":"CustomError: Email is required; Password is required; First name is required; Last name is required; Manager ID must be a number","functionName":"register","messageCode":null,"name":"CustomError","statusCode":400},"timestamp":"2023-11-02T09:48:24.859Z"}
{"level":"error","message":{"data":null,"error_message":"CustomError: Email is required; Password is required; First name is required; Last name is required; Manager ID must be a number","functionName":"register","messageCode":null,"name":"CustomError","statusCode":400},"timestamp":"2023-11-02T09:48:27.753Z"}
{"level":"error","message":{"data":null,"error_message":"CustomError: Email is required; Password is required; First name is required; Last name is required; Manager ID must be a number","functionName":"register","messageCode":null,"name":"CustomError","statusCode":400},"timestamp":"2023-11-02T09:48:28.855Z"}
{"level":"error","message":{"data":null,"error_message":"CustomError: Email is required; Password is required; First name is required; Last name is required; Manager ID must be a number","functionName":"register","messageCode":null,"name":"CustomError","statusCode":400},"timestamp":"2023-11-02T09:48:42.981Z"}
{"level":"error","message":{"data":null,"error_message":"CustomError: Manager ID must be a number","functionName":"register","messageCode":null,"name":"CustomError","statusCode":400},"timestamp":"2023-11-02T09:50:20.772Z"}
{"level":"error","message":{"data":null,"error_message":"CustomError: Manager ID must be a number","functionName":"register","messageCode":null,"name":"CustomError","statusCode":400},"timestamp":"2023-11-02T09:52:33.456Z"}
{"level":"error","message":{"data":null,"error_message":"CustomError: Manager ID must be a number","functionName":"register","messageCode":null,"name":"CustomError","statusCode":400},"timestamp":"2023-11-02T09:52:34.427Z"}
{"level":"error","message":{"data":null,"error_message":"CustomError: Manager ID must be a number","functionName":"register","messageCode":null,"name":"CustomError","statusCode":400},"timestamp":"2023-11-02T09:52:38.326Z"}
{"level":"error","message":{"data":null,"error_message":"CustomError: Manager ID must be a number","functionName":"register","messageCode":null,"name":"CustomError","statusCode":400},"timestamp":"2023-11-02T09:52:39.737Z"}
{"level":"error","message":{"data":null,"error_message":"CustomError: Manager ID must be a number","functionName":"register","messageCode":null,"name":"CustomError","statusCode":400},"timestamp":"2023-11-02T09:52:40.573Z"}
{"level":"error","message":{"data":null,"error_message":"CustomError: Manager ID must be a number","functionName":"register","messageCode":null,"name":"CustomError","statusCode":400},"timestamp":"2023-11-02T09:52:41.217Z"}
{"level":"error","message":{"data":null,"error_message":"CustomError: Manager ID must be a number","functionName":"register","messageCode":null,"name":"CustomError","statusCode":400},"timestamp":"2023-11-02T09:52:41.739Z"}
{"level":"error","message":{"data":null,"error_message":"CustomError: Manager ID must be a number","functionName":"register","messageCode":null,"name":"CustomError","statusCode":400},"timestamp":"2023-11-02T09:52:42.439Z"}
{"level":"error","message":{"data":null,"error_message":"CustomError: Manager ID must be a number","functionName":"register","messageCode":null,"name":"CustomError","statusCode":400},"timestamp":"2023-11-02T09:52:43.495Z"}
{"level":"error","message":{"data":null,"error_message":"CustomError: Manager ID must be a number","functionName":"register","messageCode":null,"name":"CustomError","statusCode":400},"timestamp":"2023-11-02T09:53:49.190Z"}
{"level":"error","message":{"data":null,"error_message":"CustomError: Email is required; Password is required; First name is required; Last name is required; Manager ID must be a number","functionName":"register","messageCode":null,"name":"CustomError","statusCode":400},"timestamp":"2023-11-02T09:53:55.898Z"}
{"level":"error","message":{"data":null,"error_message":"CustomError: Password must be 6 characters long; Last name must be 2 characters long","functionName":"register","messageCode":null,"name":"CustomError","statusCode":400},"timestamp":"2023-11-02T09:54:11.679Z"}
{"level":"error","message":{"data":null,"error_message":"CustomError: Password must be 6 characters long; Last name must be 2 characters long","functionName":"register","messageCode":null,"name":"CustomError","statusCode":400},"timestamp":"2023-11-02T09:56:34.849Z"}
{"level":"error","message":{"data":null,"error_message":"CustomError: Password must be 6 characters long","functionName":"register","messageCode":null,"name":"CustomError","statusCode":400},"timestamp":"2023-11-02T10:01:16.377Z"}
{"level":"error","message":{"data":null,"error_message":"CustomError: Password must be 6 characters long","functionName":"register","messageCode":null,"name":"CustomError","statusCode":400},"timestamp":"2023-11-02T10:02:01.159Z"}
{"level":"error","message":{"data":null,"error_message":"CustomError: Password must be 6 characters long","functionName":"register","messageCode":null,"name":"CustomError","statusCode":400},"timestamp":"2023-11-02T10:02:32.573Z"}
{"level":"error","message":{"data":null,"error_message":"CustomError: Password must be 6 characters long","functionName":"register","messageCode":null,"name":"CustomError","statusCode":400},"timestamp":"2023-11-02T10:03:14.141Z"}
{"level":"error","message":{"data":null,"error_message":"CustomError: Password must be 6 characters long; Manager ID must be a number","functionName":"register","messageCode":null,"name":"CustomError","statusCode":400},"timestamp":"2023-11-02T10:06:11.092Z"}
{"level":"error","message":{"data":null,"error_message":"CustomError: Last name must be 2 characters long","functionName":"register","messageCode":null,"name":"CustomError","statusCode":400},"timestamp":"2023-11-02T10:06:46.835Z"}
{"level":"error","message":{"data":null,"error_message":"CustomError: First name must be 2 characters long","functionName":"register","messageCode":null,"name":"CustomError","statusCode":400},"timestamp":"2023-11-02T10:07:15.345Z"}
{"level":"error","message":{"data":null,"error_message":"CustomError: First name must be 2 characters long","functionName":"register","messageCode":null,"name":"CustomError","statusCode":400},"timestamp":"2023-11-02T10:08:35.001Z"}
{"level":"error","message":{"data":null,"error_message":"CustomError: Password must be 6 characters long","functionName":"register","messageCode":null,"name":"CustomError","statusCode":400},"timestamp":"2023-11-02T10:14:07.535Z"}
{"level":"error","message":{"data":null,"error_message":"CustomError: First name must be 2 characters long","functionName":"register","messageCode":null,"name":"CustomError","statusCode":400},"timestamp":"2023-11-02T10:14:42.041Z"}
{"level":"error","message":{"data":null,"error_message":"CustomError: First name must be 2 characters long; Last name must be 2 characters long","functionName":"register","messageCode":null,"name":"CustomError","statusCode":400},"timestamp":"2023-11-02T10:16:31.014Z"}
{"level":"error","message":{"data":null,"error_message":"CustomError: First name must be 2 characters long","functionName":"register","messageCode":null,"name":"CustomError","statusCode":400},"timestamp":"2023-11-02T10:17:50.305Z"}
{"level":"error","message":{"data":null,"error_message":"CustomError: First name must be 2 characters long","functionName":"register","messageCode":null,"name":"CustomError","statusCode":400},"timestamp":"2023-11-02T10:18:22.283Z"}
{"level":"error","message":{"data":null,"error_message":"CustomError: Last name must be 2 characters long","functionName":"register","messageCode":null,"name":"CustomError","statusCode":400},"timestamp":"2023-11-02T10:20:16.435Z"}
{"level":"error","message":{"data":null,"error_message":"CustomError: First name must be 2 characters long","functionName":"register","messageCode":null,"name":"CustomError","statusCode":400},"timestamp":"2023-11-02T10:20:30.675Z"}
{"level":"error","message":{"data":null,"error_message":"CustomError: First name must be 2 characters long; Last name must be 2 characters long","functionName":"register","messageCode":null,"name":"CustomError","statusCode":400},"timestamp":"2023-11-02T10:22:54.467Z"}
{"level":"error","message":{"data":null,"error_message":"CustomError: First name must be 2 characters long; Last name must be 2 characters long","functionName":"register","messageCode":null,"name":"CustomError","statusCode":400},"timestamp":"2023-11-02T10:23:48.516Z"}
{"level":"error","message":{"data":null,"error_message":"CustomError: First name must be 2 characters long","functionName":"register","messageCode":null,"name":"CustomError","statusCode":400},"timestamp":"2023-11-02T10:25:22.560Z"}
{"level":"error","message":{"data":null,"error_message":"CustomError: Manager ID must be a number","functionName":"register","messageCode":null,"name":"CustomError","statusCode":400},"timestamp":"2023-11-02T10:27:18.471Z"}
{"level":"error","message":{"data":null,"error_message":"CustomError: Manager ID must be a number","functionName":"register","messageCode":null,"name":"CustomError","statusCode":400},"timestamp":"2023-11-02T10:31:10.273Z"}
{"level":"error","message":{"data":null,"error_message":"CustomError: Status must be active or blocked","functionName":"updateUserStatus","messageCode":null,"name":"CustomError","statusCode":400},"timestamp":"2023-11-02T10:47:12.796Z"}
{"level":"error","message":{"data":null,"error_message":"CustomError: Status must be active or blocked","functionName":"updateUserStatus","messageCode":null,"name":"CustomError","statusCode":400},"timestamp":"2023-11-02T10:47:28.171Z"}
{"level":"error","message":{"data":null,"error_message":"CustomError: Manager not assigned to you, Please send request for manager assignment.","functionName":"addAttendanceDetails","messageCode":null,"name":"CustomError","statusCode":500},"timestamp":"2023-11-02T13:00:41.639Z"}
