========================================
 2023-10-19T05:47:47.246Z 
 Error: CastError: Cast to ObjectId failed for value "user_id" (type string) at path "_id" for model "Counter" 
========================================
========================================
 2023-10-19T05:50:40.816Z 
 Error: CastError: Cast to ObjectId failed for value "user_id" (type string) at path "_id" for model "Counter" 
========================================
========================================
 2023-10-19T05:55:26.529Z 
 Invalid client assertion provided! 
========================================
========================================
 2023-10-19T06:35:18.177Z 
 ReferenceError: validateSchema is not defined 
========================================
========================================
 2023-10-19T06:38:18.324Z 
 Error: TypeError: Cannot read properties of undefined (reading 'map') 
========================================
========================================
 2023-10-19T06:39:59.595Z 
 Error 
========================================
========================================
 2023-10-19T06:40:48.529Z 
 Error: TypeError: errors.error.details[0].map is not a function 
========================================
========================================
 2023-10-19T06:41:35.970Z 
 Error 
========================================
========================================
 2023-10-19T06:43:31.907Z 
 Error: "username" is not allowed to be empty 
========================================
========================================
 2023-10-19T06:48:10.638Z 
 Error: Username is required 
========================================
========================================
 2023-10-19T06:48:20.648Z 
 Error: Username must be 3 characters long 
========================================
========================================
 2023-10-19T06:59:37.726Z 
 Error: Username must be 3 characters long 
========================================
========================================
 2023-10-19T06:59:46.749Z 
 Error: Invalid email address 
========================================
========================================
 2023-10-19T07:03:17.077Z 
 Error: Invalid email address; Password is required; Firstname is required; Lastname is required; "dob" must be a valid date 
========================================
========================================
 2023-10-19T07:04:40.643Z 
 Error: Invalid email address; Password is required; Firstname is required; Lastname is required; DOB must be a date 
========================================
========================================
 2023-10-19T07:13:50.360Z 
 Error: TypeError: Cannot read properties of undefined (reading 'details') 
========================================
========================================
 2023-10-19T07:15:54.561Z 
 CastError: Cast to Object failed for value "undefined" (type undefined) at path "$or.0" for model "User" 
========================================
========================================
 2023-10-19T07:17:57.173Z 
 CastError: Cast to Object failed for value "User3" (type string) at path "$or.0" for model "User" 
========================================
========================================
 2023-10-19T07:19:37.776Z 
 Error: Invalid client assertion 
========================================
========================================
 2023-10-19T07:20:59.065Z 
 Error: Username or email already registerd with us! 
========================================
========================================
 2023-10-19T09:42:30.563Z 
 TypeError: Cannot destructure property 'usernameOrEmail' of 'validatedPayload' as it is undefined. 
========================================
========================================
 2023-10-19T09:49:23.813Z 
 Error: "usernameOrEmail" does not match any of the allowed types 
========================================
========================================
 2023-10-19T09:52:01.907Z 
 Error: Invalid Username or Email 
========================================
========================================
 2023-10-19T09:58:06.024Z 
 ReferenceError: _id is not defined 
========================================
========================================
 2023-10-19T10:05:41.057Z 
 Invalid Credentials! 
========================================
========================================
 2023-10-19T10:05:41.062Z 
 [object Object] 
========================================
========================================
 2023-10-19T10:06:14.637Z 
 Invalid Credentials! 
========================================
========================================
 2023-10-19T10:06:16.564Z 
 [object Object] 
========================================
========================================
 2023-10-19T10:07:24.438Z 
 Invalid Credentials! 
========================================
========================================
 2023-10-19T10:15:41.184Z 
 Invalid Credentials! 
========================================
========================================
 2023-10-19T10:16:05.899Z 
 Invalid Username or Email 
========================================
========================================
 2023-10-19T10:16:26.041Z 
 Invalid Credentials! 
========================================
========================================
 2023-10-19T10:16:36.163Z 
 "username" is required 
========================================
========================================
 2023-10-19T10:16:51.809Z 
 Username or email already registerd with us! 
========================================
========================================
 2023-10-19T10:17:03.513Z 
 DOB must be a date 
========================================
========================================
 2023-10-19T10:17:08.502Z 
 Username or email already registerd with us! 
========================================
========================================
 2023-10-19T10:17:16.542Z 
 Invalid Credentials! 
========================================
========================================
 2023-10-19T10:19:24.465Z 
 Invalid Credentials! 
========================================
========================================
 2023-10-19T10:19:32.018Z 
 {"success":false,"status_code":400,"error_code":123456,"error_message":"Invalid Credentials!"} 
========================================
========================================
 2023-10-19T10:21:26.989Z 
 Invalid Credentials! 
========================================
========================================
 2023-10-19T10:22:21.464Z 
 _id is not defined 
========================================
========================================
 2023-10-19T10:35:59.679Z 
 invalid expiresIn option for string payload 
========================================
========================================
 2023-10-19T11:25:51.642Z 
 Unauthorized! 
========================================
========================================
 2023-10-19T11:25:52.455Z 
 {"success":false,"status_code":400,"error_code":123456,"error_message":"Unauthorized!"} 
========================================
