{"level":"error","message":{"data":null,"error_message":"CustomError: Invalid credentials","functionName":"login","messageCode":null,"name":"CustomError","statusCode":400},"timestamp":"2023-11-09T11:48:10.813Z"}
{"level":"error","message":{"data":null,"error_message":"CustomError: Role ID must be 2 or 3","functionName":"register","messageCode":null,"name":"CustomError","statusCode":400},"timestamp":"2023-11-09T11:51:39.910Z"}
{"level":"error","message":{"data":null,"error_message":"CustomError: User account not active! Please contact Admin or Manager to appove your account.","functionName":"login","messageCode":null,"name":"CustomError","statusCode":401},"timestamp":"2023-11-09T12:34:07.212Z"}
{"level":"error","message":{"data":null,"error_message":"CustomError: \"role\" is required","functionName":"changeUserRole","messageCode":null,"name":"CustomError","statusCode":400},"timestamp":"2023-11-10T06:09:54.886Z"}
{"level":"error","message":{"data":null,"error_message":"CustomError: \"role\" is required","functionName":"changeUserRole","messageCode":null,"name":"CustomError","statusCode":400},"timestamp":"2023-11-10T06:10:55.625Z"}
{"level":"error","message":{"data":null,"error_message":"CustomError: \"role\" is required","functionName":"changeUserRole","messageCode":null,"name":"CustomError","statusCode":400},"timestamp":"2023-11-10T06:11:16.744Z"}
{"level":"error","message":{"data":null,"error_message":"CustomError: \"role\" is required","functionName":"changeUserRole","messageCode":null,"name":"CustomError","statusCode":400},"timestamp":"2023-11-10T06:11:46.927Z"}
{"level":"error","message":{"data":null,"error_message":"CustomError: \"user_ids\" must be an array","functionName":"changeUserRole","messageCode":null,"name":"CustomError","statusCode":400},"timestamp":"2023-11-10T06:25:32.548Z"}
{"level":"error","message":{"data":null,"error_message":"CustomError: \"user_ids\" must be an array","functionName":"changeUserRole","messageCode":null,"name":"CustomError","statusCode":400},"timestamp":"2023-11-10T06:25:39.669Z"}
{"level":"error","message":{"data":null,"error_message":"CustomError: \"user_ids\" must be an array","functionName":"changeUserRole","messageCode":null,"name":"CustomError","statusCode":400},"timestamp":"2023-11-10T06:26:23.071Z"}
{"level":"error","message":{"data":null,"error_message":"CustomError: \"user_ids\" must be an array","functionName":"changeUserRole","messageCode":null,"name":"CustomError","statusCode":400},"timestamp":"2023-11-10T06:31:28.356Z"}
{"level":"error","message":{"data":null,"error_message":"CustomError: \"user_ids\" must be an array","functionName":"changeUserRole","messageCode":null,"name":"CustomError","statusCode":400},"timestamp":"2023-11-10T06:31:46.456Z"}
{"level":"error","message":{"data":null,"error_message":"CustomError: \"user_ids\" must be an array","functionName":"changeUserRole","messageCode":null,"name":"CustomError","statusCode":400},"timestamp":"2023-11-10T06:31:51.542Z"}
{"level":"error","message":{"data":null,"error_message":"CustomError: \"user_ids\" must be an array","functionName":"changeUserRole","messageCode":null,"name":"CustomError","statusCode":400},"timestamp":"2023-11-10T06:31:56.997Z"}
{"level":"error","message":{"data":null,"error_message":"CustomError: User account not active! Please contact Admin or Manager to appove your account.","functionName":"login","messageCode":null,"name":"CustomError","statusCode":401},"timestamp":"2023-11-10T07:21:46.275Z"}
{"level":"error","message":{"data":null,"error_message":"CustomError: Invalid Credentials!","functionName":"login","messageCode":null,"name":"CustomError","statusCode":400},"timestamp":"2023-11-10T07:22:23.057Z"}
{"level":"error","message":{"data":null,"error_message":"CustomError: CustomError: Error: Unknown column 'email' in 'field list'","functionName":"register","messageCode":null,"name":"CustomError","statusCode":500},"timestamp":"2023-11-10T10:00:58.397Z"}
{"level":"error","message":{"data":null,"error_message":"CustomError: Invalid Credentials!","functionName":"login","messageCode":null,"name":"CustomError","statusCode":400},"timestamp":"2023-11-10T10:03:08.845Z"}
{"level":"error","message":{"data":null,"error_message":"CustomError: User account not active! Please contact Admin or Manager to appove your account.","functionName":"login","messageCode":null,"name":"CustomError","statusCode":401},"timestamp":"2023-11-10T10:05:02.207Z"}
{"level":"error","message":{"data":null,"error_message":"CustomError: Invalid Credentials!","functionName":"login","messageCode":null,"name":"CustomError","statusCode":400},"timestamp":"2023-11-10T10:05:30.623Z"}
{"level":"error","message":{"data":null,"error_message":"CustomError: Invalid Credentials!","functionName":"login","messageCode":null,"name":"CustomError","statusCode":400},"timestamp":"2023-11-10T10:05:42.339Z"}
{"level":"error","message":{"data":null,"error_message":"CustomError: User account not active! Please contact Admin or Manager to appove your account.","functionName":"login","messageCode":null,"name":"CustomError","statusCode":401},"timestamp":"2023-11-10T10:06:50.773Z"}
{"level":"error","message":{"data":null,"error_message":"CustomError: User account not active! Please contact Admin or Manager to appove your account.","functionName":"login","messageCode":null,"name":"CustomError","statusCode":401},"timestamp":"2023-11-10T10:06:59.334Z"}
{"level":"error","message":{"data":null,"error_message":"CustomError: Invalid Credentials!","functionName":"login","messageCode":null,"name":"CustomError","statusCode":400},"timestamp":"2023-11-10T10:10:33.310Z"}
{"level":"error","message":{"data":null,"error_message":"CustomError: Invalid Credentials!","functionName":"login","messageCode":null,"name":"CustomError","statusCode":400},"timestamp":"2023-11-10T10:10:44.357Z"}
{"level":"error","message":{"data":null,"error_message":"CustomError: CustomError: Error: Table 'pharmarack.manager_request' doesn't exist","functionName":"addManagerRequest","messageCode":null,"name":"CustomError","statusCode":500},"timestamp":"2023-11-10T10:11:04.391Z"}
{"level":"error","message":{"data":null,"error_message":"CustomError: CustomError: Error: Table 'pharmarack.manager_request' doesn't exist","functionName":"addManagerRequest","messageCode":null,"name":"CustomError","statusCode":500},"timestamp":"2023-11-10T10:11:13.287Z"}
{"level":"error","message":{"data":null,"error_message":"CustomError: CustomError: Error: Table 'pharmarack.manager_request' doesn't exist","functionName":"addManagerRequest","messageCode":null,"name":"CustomError","statusCode":500},"timestamp":"2023-11-10T10:11:17.655Z"}
{"level":"error","message":{"data":null,"error_message":"CustomError: Error: Table 'pharmarack.manager_request' doesn't exist","functionName":"getManagerRequests","messageCode":null,"name":"CustomError","statusCode":500},"timestamp":"2023-11-10T15:21:39.576Z"}
{"level":"error","message":{"data":null,"error_message":"CustomError: Error: Table 'pharmarack.manager_request' doesn't exist","functionName":"getManagerRequests","messageCode":null,"name":"CustomError","statusCode":500},"timestamp":"2023-11-10T15:32:30.804Z"}
{"level":"error","message":{"data":null,"error_message":"CustomError: TypeError: Cannot read properties of undefined (reading 'status')","functionName":"updateManagerRequest","messageCode":null,"name":"CustomError","statusCode":500},"timestamp":"2023-11-10T15:41:08.077Z"}
{"level":"error","message":{"data":null,"error_message":"CustomError: Status must be Approved or Rejected","functionName":"updateManagerRequest","messageCode":null,"name":"CustomError","statusCode":400},"timestamp":"2023-11-10T19:53:51.049Z"}
{"level":"error","message":{"data":null,"error_message":"CustomError: Manager request already submitted for approval.","functionName":"addManagerRequest","messageCode":null,"name":"CustomError","statusCode":500},"timestamp":"2023-11-10T19:56:47.770Z"}
