{"level":"error","message":{"data":null,"error_message":"CustomError: First name must be 2 characters long","functionName":"register","messageCode":null,"name":"CustomError","statusCode":400},"timestamp":"2023-11-07T05:46:57.129Z"}
{"level":"error","message":{"data":null,"error_message":"Please provide valid status like Approved, Pending, Rejected","functionName":"attendanceRecordsByManager","messageCode":null,"name":"CustomError","statusCode":500},"timestamp":"2023-11-07T05:48:49.312Z"}
{"level":"error","message":{"data":null,"error_message":"Please provide valid status like Approved, Pending, Rejected","functionName":"attendanceRecordsByManager","messageCode":null,"name":"CustomError","statusCode":500},"timestamp":"2023-11-07T05:48:49.316Z"}
{"level":"error","message":{"data":null,"error_message":"Please provide valid status like Approved, Pending, Rejected","functionName":"attendanceRecordsByManager","messageCode":null,"name":"CustomError","statusCode":500},"timestamp":"2023-11-07T05:49:27.028Z"}
{"level":"error","message":{"data":null,"error_message":"Please provide valid status like Approved, Pending, Rejected","functionName":"attendanceRecordsByManager","messageCode":null,"name":"CustomError","statusCode":500},"timestamp":"2023-11-07T05:49:27.032Z"}
{"level":"error","message":{"data":null,"error_message":"CustomError: Manager not assigned to you, Please send request for manager assignment.","functionName":"addAttendanceDetails","messageCode":null,"name":"CustomError","statusCode":500},"timestamp":"2023-11-07T05:51:46.151Z"}
{"level":"error","message":{"data":null,"error_message":"CustomError: Password must be 6 characters long","functionName":"login","messageCode":null,"name":"CustomError","statusCode":400},"timestamp":"2023-11-07T07:29:02.902Z"}
{"level":"error","message":{"data":null,"error_message":"CustomError: First name must be 2 characters long; Last name must be 2 characters long","functionName":"register","messageCode":null,"name":"CustomError","statusCode":400},"timestamp":"2023-11-07T07:29:18.351Z"}
{"level":"error","message":{"data":null,"error_message":"CustomError: First name must be 2 characters long; Last name must be 2 characters long","functionName":"register","messageCode":null,"name":"CustomError","statusCode":400},"timestamp":"2023-11-07T07:29:44.591Z"}
{"level":"error","message":{"data":null,"error_message":"CustomError: Password must be 6 characters long; First name must be 2 characters long; Last name must be 2 characters long","functionName":"register","messageCode":null,"name":"CustomError","statusCode":400},"timestamp":"2023-11-07T07:29:49.062Z"}
{"level":"error","message":{"data":null,"error_message":"CustomError: Password must be 6 characters long; First name must be 2 characters long; Last name must be 2 characters long","functionName":"register","messageCode":null,"name":"CustomError","statusCode":400},"timestamp":"2023-11-07T07:30:08.645Z"}
{"level":"error","message":{"data":null,"error_message":"CustomError: Password must be 6 characters long; First name must be 2 characters long; Last name must be 2 characters long","functionName":"register","messageCode":null,"name":"CustomError","statusCode":400},"timestamp":"2023-11-07T07:30:48.812Z"}
{"level":"error","message":{"data":null,"error_message":"Please provide valid status like Approved, Pending, Rejected","functionName":"attendanceRecordsByManager","messageCode":null,"name":"CustomError","statusCode":500},"timestamp":"2023-11-07T07:31:24.568Z"}
{"level":"error","message":{"data":null,"error_message":"Please provide valid status like Approved, Pending, Rejected","functionName":"attendanceRecordsByManager","messageCode":null,"name":"CustomError","statusCode":500},"timestamp":"2023-11-07T07:31:24.572Z"}
{"level":"error","message":{"data":null,"error_message":"Error: You can not set yourself as your manager.","functionName":"addManagerRequest","messageCode":null,"name":"CustomError","statusCode":500},"timestamp":"2023-11-07T09:02:07.515Z"}
{"level":"error","message":{"data":null,"error_message":"Error: You can not set yourself as your manager.","functionName":"addManagerRequest","messageCode":null,"name":"CustomError","statusCode":500},"timestamp":"2023-11-07T09:02:09.010Z"}
{"level":"error","message":{"data":null,"error_message":"Error: You can not set yourself as your manager.","functionName":"addManagerRequest","messageCode":null,"name":"CustomError","statusCode":500},"timestamp":"2023-11-07T09:02:09.656Z"}
{"level":"error","message":{"data":null,"error_message":"Error: You can not set yourself as your manager.","functionName":"addManagerRequest","messageCode":null,"name":"CustomError","statusCode":500},"timestamp":"2023-11-07T09:02:09.937Z"}
{"level":"error","message":{"data":null,"error_message":"Error: You can not set yourself as your manager.","functionName":"addManagerRequest","messageCode":null,"name":"CustomError","statusCode":500},"timestamp":"2023-11-07T09:02:19.487Z"}
{"level":"error","message":{"data":null,"error_message":"CustomError: Manager request already submitted for approval.","functionName":"addManagerRequest","messageCode":null,"name":"CustomError","statusCode":500},"timestamp":"2023-11-07T09:03:08.845Z"}
{"level":"error","message":{"data":null,"error_message":"CustomError: Manager request already submitted for approval.","functionName":"addManagerRequest","messageCode":null,"name":"CustomError","statusCode":500},"timestamp":"2023-11-07T09:03:09.887Z"}
{"level":"error","message":{"data":null,"error_message":"CustomError: Manager request already submitted for approval.","functionName":"addManagerRequest","messageCode":null,"name":"CustomError","statusCode":500},"timestamp":"2023-11-07T09:03:10.971Z"}
{"level":"error","message":{"data":null,"error_message":"CustomError: Manager request already submitted for approval.","functionName":"addManagerRequest","messageCode":null,"name":"CustomError","statusCode":500},"timestamp":"2023-11-07T09:03:12.208Z"}
{"level":"error","message":{"data":null,"error_message":"CustomError: Manager request already submitted for approval.","functionName":"addManagerRequest","messageCode":null,"name":"CustomError","statusCode":500},"timestamp":"2023-11-07T09:09:22.502Z"}
{"level":"error","message":{"data":null,"error_message":"CustomError: Manager request already submitted for approval.","functionName":"addManagerRequest","messageCode":null,"name":"CustomError","statusCode":500},"timestamp":"2023-11-07T09:09:24.259Z"}
{"level":"error","message":{"data":null,"error_message":"CustomError: Manager request already submitted for approval.","functionName":"addManagerRequest","messageCode":null,"name":"CustomError","statusCode":500},"timestamp":"2023-11-07T09:09:24.501Z"}
{"level":"error","message":{"data":null,"error_message":"CustomError: Manager request already submitted for approval.","functionName":"addManagerRequest","messageCode":null,"name":"CustomError","statusCode":500},"timestamp":"2023-11-07T09:09:25.108Z"}
{"level":"error","message":{"data":null,"error_message":"CustomError: Manager request already submitted for approval.","functionName":"addManagerRequest","messageCode":null,"name":"CustomError","statusCode":500},"timestamp":"2023-11-07T09:09:44.021Z"}
{"level":"error","message":{"data":null,"error_message":"CustomError: Manager request already submitted for approval.","functionName":"addManagerRequest","messageCode":null,"name":"CustomError","statusCode":500},"timestamp":"2023-11-07T09:09:46.834Z"}
{"level":"error","message":{"data":null,"error_message":"CustomError: Manager request already submitted for approval.","functionName":"addManagerRequest","messageCode":null,"name":"CustomError","statusCode":500},"timestamp":"2023-11-07T09:09:47.251Z"}
{"level":"error","message":{"data":null,"error_message":"CustomError: Manager request already submitted for approval.","functionName":"addManagerRequest","messageCode":null,"name":"CustomError","statusCode":500},"timestamp":"2023-11-07T09:09:47.670Z"}
{"level":"error","message":{"data":null,"error_message":"CustomError: Manager request already submitted for approval.","functionName":"addManagerRequest","messageCode":null,"name":"CustomError","statusCode":500},"timestamp":"2023-11-07T09:10:36.158Z"}
{"level":"error","message":{"data":null,"error_message":"CustomError: Manager request already submitted for approval.","functionName":"addManagerRequest","messageCode":null,"name":"CustomError","statusCode":500},"timestamp":"2023-11-07T09:10:37.261Z"}
{"level":"error","message":{"data":null,"error_message":"CustomError: Manager request already submitted for approval.","functionName":"addManagerRequest","messageCode":null,"name":"CustomError","statusCode":500},"timestamp":"2023-11-07T09:10:37.882Z"}
{"level":"error","message":{"data":null,"error_message":"CustomError: Manager request already submitted for approval.","functionName":"addManagerRequest","messageCode":null,"name":"CustomError","statusCode":500},"timestamp":"2023-11-07T09:12:50.250Z"}
{"level":"error","message":{"data":null,"error_message":"CustomError: Manager request already submitted for approval.","functionName":"addManagerRequest","messageCode":null,"name":"CustomError","statusCode":500},"timestamp":"2023-11-07T09:12:54.885Z"}
{"level":"error","message":{"data":null,"error_message":"CustomError: Manager request already submitted for approval.","functionName":"addManagerRequest","messageCode":null,"name":"CustomError","statusCode":500},"timestamp":"2023-11-07T09:13:40.165Z"}
{"level":"error","message":{"data":null,"error_message":"CustomError: Manager request already submitted for approval.","functionName":"addManagerRequest","messageCode":null,"name":"CustomError","statusCode":500},"timestamp":"2023-11-07T09:14:06.638Z"}
{"level":"error","message":{"data":null,"error_message":"CustomError: Manager request already submitted for approval.","functionName":"addManagerRequest","messageCode":null,"name":"CustomError","statusCode":500},"timestamp":"2023-11-07T09:20:40.981Z"}
{"level":"error","message":{"data":null,"error_message":"CustomError: Manager request already submitted for approval.","functionName":"addManagerRequest","messageCode":null,"name":"CustomError","statusCode":500},"timestamp":"2023-11-07T09:24:42.409Z"}
{"level":"error","message":{"data":null,"error_message":"CustomError: Manager request already submitted for approval.","functionName":"addManagerRequest","messageCode":null,"name":"CustomError","statusCode":500},"timestamp":"2023-11-07T09:24:56.831Z"}
{"level":"error","message":{"data":null,"error_message":"CustomError: Manager request already submitted for approval.","functionName":"addManagerRequest","messageCode":null,"name":"CustomError","statusCode":500},"timestamp":"2023-11-07T09:27:50.505Z"}
{"level":"error","message":{"data":null,"error_message":"Please provide valid status like Approved, Pending, Rejected","functionName":"attendanceRecordsByManager","messageCode":null,"name":"CustomError","statusCode":500},"timestamp":"2023-11-07T09:30:06.423Z"}
{"level":"error","message":{"data":null,"error_message":"Please provide valid status like Approved, Pending, Rejected","functionName":"attendanceRecordsByManager","messageCode":null,"name":"CustomError","statusCode":500},"timestamp":"2023-11-07T09:30:06.427Z"}
{"level":"error","message":{"data":null,"error_message":"Please provide valid status like Approved, Pending, Rejected","functionName":"attendanceRecordsByManager","messageCode":null,"name":"CustomError","statusCode":500},"timestamp":"2023-11-07T09:30:21.361Z"}
{"level":"error","message":{"data":null,"error_message":"CustomError: Manager request already submitted for approval.","functionName":"addManagerRequest","messageCode":null,"name":"CustomError","statusCode":500},"timestamp":"2023-11-07T10:28:47.093Z"}
{"level":"error","message":{"data":null,"error_message":"CustomError: Manager request already submitted for approval.","functionName":"addManagerRequest","messageCode":null,"name":"CustomError","statusCode":500},"timestamp":"2023-11-07T10:38:13.208Z"}
{"level":"error","message":{"data":null,"error_message":"CustomError: Manager request already submitted for approval.","functionName":"addManagerRequest","messageCode":null,"name":"CustomError","statusCode":500},"timestamp":"2023-11-07T12:11:06.630Z"}
{"level":"error","message":{"data":null,"error_message":"Please provide valid status like Approved, Pending, Rejected","functionName":"attendanceRecordsByManager","messageCode":null,"name":"CustomError","statusCode":500},"timestamp":"2023-11-07T12:21:39.318Z"}
{"level":"error","message":{"data":null,"error_message":"Please provide valid status like Approved, Pending, Rejected","functionName":"attendanceRecordsByManager","messageCode":null,"name":"CustomError","statusCode":500},"timestamp":"2023-11-07T12:21:39.326Z"}
