{"level":"error","message":{"data":null,"error_message":"CustomError: \"email\" is required","functionName":"register","messageCode":null,"name":"CustomError","statusCode":400},"timestamp":"2023-10-25T05:27:54.965Z"}
{"level":"error","message":{"data":null,"error_message":"ReferenceError: CustomeError is not defined","functionName":"register","messageCode":null,"name":"CustomError","statusCode":500},"timestamp":"2023-10-25T05:29:30.379Z"}
{"level":"error","message":{"data":null,"error_message":"ReferenceError: req is not defined","functionName":"register","messageCode":null,"name":"CustomError","statusCode":500},"timestamp":"2023-10-25T06:02:24.804Z"}
{"level":"error","message":{"data":null,"error_message":"ReferenceError: req is not defined","functionName":"register","messageCode":null,"name":"CustomError","statusCode":500},"timestamp":"2023-10-25T06:02:49.058Z"}
{"level":"error","message":{"error_message":"admin.login is not a function"},"timestamp":"2023-10-25T06:50:20.426Z"}
{"level":"error","message":{"data":null,"error_message":"CustomError: UserId must be a number","functionName":"changeUserRole","messageCode":null,"name":"CustomError","statusCode":400},"timestamp":"2023-10-25T06:50:55.923Z"}
{"level":"error","message":{"data":null,"error_message":"CustomError: \"role\" must be one of [1, 2, 3]","functionName":"changeUserRole","messageCode":null,"name":"CustomError","statusCode":400},"timestamp":"2023-10-25T06:56:44.452Z"}
{"level":"error","message":{"data":null,"error_message":"CustomError: RoleID must be valid role","functionName":"changeUserRole","messageCode":null,"name":"CustomError","statusCode":400},"timestamp":"2023-10-25T06:57:50.292Z"}
{"level":"error","message":{"data":null,"error_message":"ReferenceError: CustomeError is not defined","functionName":"register","messageCode":null,"name":"CustomError","statusCode":500},"timestamp":"2023-10-25T07:26:52.847Z"}
{"level":"error","message":{"data":null,"error_message":"Error: Cannot apply rules to empty ruleset","functionName":"getUsers","messageCode":null,"name":"CustomError","statusCode":500},"timestamp":"2023-10-25T07:59:34.075Z"}
{"level":"error","message":{"data":null,"error_message":"Error: Cannot apply rules to empty ruleset","functionName":"getUsers","messageCode":null,"name":"CustomError","statusCode":500},"timestamp":"2023-10-25T07:59:55.435Z"}
{"level":"error","message":{"data":null,"error_message":"Error: Cannot apply rules to empty ruleset","functionName":"getUsers","messageCode":null,"name":"CustomError","statusCode":500},"timestamp":"2023-10-25T08:00:11.820Z"}
{"level":"error","message":{"data":null,"error_message":"Error: Cannot apply rules to empty ruleset","functionName":"getUsers","messageCode":null,"name":"CustomError","statusCode":500},"timestamp":"2023-10-25T08:00:41.623Z"}
{"level":"error","message":{"data":null,"error_message":"Error: Cannot apply rules to empty ruleset","functionName":"getUsers","messageCode":null,"name":"CustomError","statusCode":500},"timestamp":"2023-10-25T09:54:48.206Z"}
{"level":"error","message":{"data":null,"error_message":"Error: Cannot apply rules to empty ruleset","functionName":"getUsers","messageCode":null,"name":"CustomError","statusCode":500},"timestamp":"2023-10-25T09:56:26.438Z"}
{"level":"error","message":{"data":null,"error_message":"Error: Cannot apply rules to empty ruleset","functionName":"getUsers","messageCode":null,"name":"CustomError","statusCode":500},"timestamp":"2023-10-25T09:59:04.195Z"}
{"level":"error","message":{"data":null,"error_message":"Error: Cannot apply rules to empty ruleset or the last rule added does not support rule properties","functionName":"getUsers","messageCode":null,"name":"CustomError","statusCode":500},"timestamp":"2023-10-25T10:02:29.719Z"}
{"level":"error","message":{"data":null,"error_message":"CustomError: \"to_date\" must be a valid date","functionName":"getUsers","messageCode":null,"name":"CustomError","statusCode":400},"timestamp":"2023-10-25T10:05:40.303Z"}
{"level":"error","message":{"data":null,"error_message":"CustomError: To date is invalid","functionName":"getUsers","messageCode":null,"name":"CustomError","statusCode":400},"timestamp":"2023-10-25T10:07:40.551Z"}
{"level":"error","message":{"data":null,"error_message":"CustomError: From date is invalid; To date is invalid","functionName":"getUsers","messageCode":null,"name":"CustomError","statusCode":400},"timestamp":"2023-10-25T10:07:52.155Z"}
{"level":"error","message":{"data":null,"error_message":"CustomError: \"from_date\" is required; \"to_date\" is required","functionName":"getUsers","messageCode":null,"name":"CustomError","statusCode":400},"timestamp":"2023-10-25T10:29:25.309Z"}
{"level":"error","message":{"data":null,"error_message":"CustomError: \"logged_hours\" is required","functionName":"getUsers","messageCode":null,"name":"CustomError","statusCode":400},"timestamp":"2023-10-25T10:29:49.863Z"}
{"level":"error","message":{"data":null,"error_message":"ReferenceError: CustomeError is not defined","functionName":"getUsers","messageCode":null,"name":"CustomError","statusCode":500},"timestamp":"2023-10-25T10:43:42.749Z"}
{"level":"error","message":{"data":null,"error_message":"CustomError: Error: Duplicate entry '1-2023-10-23' for key 'attendance.unique_user_date'","functionName":"addAttendanceDetails","messageCode":null,"name":"CustomError","statusCode":500},"timestamp":"2023-10-25T10:48:20.771Z"}
{"level":"error","message":{"data":null,"error_message":"CustomError: Invalid credentials","functionName":"login","messageCode":null,"name":"CustomError","statusCode":400},"timestamp":"2023-10-25T11:01:48.038Z"}
{"level":"error","message":{"data":null,"error_message":"CustomError: Date must be a valid date","functionName":"addAttendanceDetails","messageCode":null,"name":"CustomError","statusCode":400},"timestamp":"2023-10-25T11:02:35.854Z"}
{"level":"error","message":{"data":null,"error_message":"CustomError: \"dates\" is required; Status must be Approved or Rejected","functionName":"addAttendanceDetails","messageCode":null,"name":"CustomError","statusCode":400},"timestamp":"2023-10-25T11:49:22.658Z"}
{"level":"error","message":{"data":null,"error_message":"CustomError: Status must be Approved or Rejected","functionName":"addAttendanceDetails","messageCode":null,"name":"CustomError","statusCode":400},"timestamp":"2023-10-25T11:50:03.240Z"}
{"level":"error","message":{"data":null,"error_message":"CustomError: Status must be Approved or Rejected","functionName":"addAttendanceDetails","messageCode":null,"name":"CustomError","statusCode":400},"timestamp":"2023-10-25T11:50:18.809Z"}
{"level":"error","message":{"data":null,"error_message":"TypeError: Cannot read properties of undefined (reading 'length')","functionName":"addAttendanceDetails","messageCode":null,"name":"CustomError","statusCode":500},"timestamp":"2023-10-25T11:50:31.773Z"}
{"level":"error","message":{"data":null,"error_message":"CustomError: \"attendance_ids\" does not contain 1 required value(s)","functionName":"addAttendanceDetails","messageCode":null,"name":"CustomError","statusCode":400},"timestamp":"2023-10-25T11:52:17.195Z"}
{"level":"error","message":{"data":null,"error_message":"TypeError: Cannot read properties of undefined (reading 'length')","functionName":"addAttendanceDetails","messageCode":null,"name":"CustomError","statusCode":500},"timestamp":"2023-10-25T11:52:26.480Z"}
{"level":"error","message":{"data":null,"error_message":"CustomError: Status must be Approved or Rejected","functionName":"addAttendanceDetails","messageCode":null,"name":"CustomError","statusCode":400},"timestamp":"2023-10-25T11:52:37.557Z"}
{"level":"error","message":{"data":null,"error_message":"CustomError: AttendanceID must be a number","functionName":"addAttendanceDetails","messageCode":null,"name":"CustomError","statusCode":400},"timestamp":"2023-10-25T11:52:47.178Z"}
{"level":"error","message":{"data":null,"error_message":"TypeError: Cannot read properties of undefined (reading 'length')","functionName":"addAttendanceDetails","messageCode":null,"name":"CustomError","statusCode":500},"timestamp":"2023-10-25T11:52:55.977Z"}
{"level":"error","message":{"data":null,"error_message":"CustomError: ReferenceError: role is not defined","functionName":"addAttendanceDetails","messageCode":null,"name":"CustomError","statusCode":500},"timestamp":"2023-10-25T12:21:17.933Z"}
{"level":"error","message":{"data":null,"error_message":"CustomError: Error: Unknown column 'attendance_id' in 'where clause'","functionName":"addAttendanceDetails","messageCode":null,"name":"CustomError","statusCode":500},"timestamp":"2023-10-25T12:22:20.688Z"}
{"level":"error","message":{"data":null,"error_message":"CustomError: \"role\" is required","functionName":"addAttendanceDetails","messageCode":null,"name":"CustomError","statusCode":400},"timestamp":"2023-10-25T12:24:47.387Z"}
{"level":"error","message":{"data":null,"error_message":"CustomError: Error: You have an error in your SQL syntax; check the manual that corresponds to your MySQL server version for the right syntax to use near '.user_id FROM Attendance a JOIN Users u ON a.user_id = u.user_id and u.manager_i' at line 1","functionName":"addAttendanceDetails","messageCode":null,"name":"CustomError","statusCode":500},"timestamp":"2023-10-25T12:46:05.765Z"}
