========================================
 2023-10-18T09:28:56.553Z 
 [object Object] 
========================================
========================================
 2023-10-18T09:41:50.301Z : info
 {"data":[{"id":1,"test":"Test1"},{"id":2,"test":"Test2"},{"id":3,"test":"Test3"}]} 
========================================
========================================
 2023-10-18T09:56:06.427Z : info
 {"data":[{"id":1,"test":"Test1"},{"id":2,"test":"Test2"},{"id":3,"test":"Test3"}]} 
========================================
========================================
 2023-10-18T09:57:09.926Z : info
 {"data":[{"id":1,"test":"Test1"},{"id":2,"test":"Test2"},{"id":3,"test":"Test3"}]} 
========================================
========================================
 2023-10-18T09:57:57.114Z : info
 {"data":[{"id":1,"test":"Test1"},{"id":2,"test":"Test2"},{"id":3,"test":"Test3"}]} 
========================================
========================================
 2023-10-18T09:58:42.928Z : info
 {"data":[{"id":1,"test":"Test1"},{"id":2,"test":"Test2"},{"id":3,"test":"Test3"}]} 
========================================
========================================
 2023-10-18T09:59:48.179Z : info
 {"data":[{"id":1,"test":"Test1"},{"id":2,"test":"Test2"},{"id":3,"test":"Test3"}]} 
========================================
========================================
 2023-10-18T10:01:01.225Z : info
 {"data":[{"id":1,"test":"Test1"},{"id":2,"test":"Test2"},{"id":3,"test":"Test3"}]} 
========================================
========================================
 2023-10-18T10:09:31.051Z : info
 {"data":[{"id":1,"test":"Test1"},{"id":2,"test":"Test2"},{"id":3,"test":"Test3"}]} 
========================================
========================================
 2023-10-18T10:10:13.103Z : info
 {"data":[{"id":1,"test":"Test1"},{"id":2,"test":"Test2"},{"id":3,"test":"Test3"}]} 
========================================
========================================
 2023-10-18T10:11:14.053Z : info
 {"data":[{"id":1,"test":"Test1"},{"id":2,"test":"Test2"},{"id":3,"test":"Test3"}]} 
========================================
========================================
 2023-10-18T10:14:55.532Z : info
 {"data":[{"id":1,"test":"Test1"},{"id":2,"test":"Test2"},{"id":3,"test":"Test3"}]} 
========================================
========================================
 2023-10-18T10:16:48.100Z : info
 {"data":[{"id":1,"test":"Test1"},{"id":2,"test":"Test2"},{"id":3,"test":"Test3"}]} 
========================================
========================================
 2023-10-18T10:17:09.872Z : info
 {"data":[{"id":1,"test":"Test1"},{"id":2,"test":"Test2"},{"id":3,"test":"Test3"}]} 
========================================
========================================
 2023-10-18T10:24:29.780Z : info
 {"data":[{"id":1,"test":"Test1"},{"id":2,"test":"Test2"},{"id":3,"test":"Test3"}]} 
========================================
========================================
 2023-10-18T10:24:57.349Z : info
 {"data":[{"id":1,"test":"Test1"},{"id":2,"test":"Test2"},{"id":3,"test":"Test3"}]} 
========================================
========================================
 2023-10-18T10:28:07.920Z : info
 {"data":[{"id":1,"test":"Test1"},{"id":2,"test":"Test2"},{"id":3,"test":"Test3"}]} 
========================================
========================================
 2023-10-18T10:29:09.434Z : info
 [{"id":1,"test":"Test1"},{"id":2,"test":"Test2"},{"id":3,"test":"Test3"}] 
========================================
========================================
 2023-10-18T12:26:06.408Z : info
 [{"id":1,"test":"Test1"},{"id":2,"test":"Test2"},{"id":3,"test":"Test3"}] 
========================================
========================================
 2023-10-18T12:39:14.380Z : info
 [{"id":1,"test":"Test1"},{"id":2,"test":"Test2"},{"id":3,"test":"Test3"}] 
========================================
========================================
 2023-10-18T12:39:39.252Z : info
 undefined 
========================================
========================================
 2023-10-18T12:41:19.892Z : info
 undefined 
========================================
========================================
 2023-10-18T12:46:40.119Z : info
 User Created! 
========================================
